# JRE version: OpenJDK Runtime Environment Temurin-21.0.6+7 (21.0.6+7) (build 21.0.6+7-LTS)
# Java VM: OpenJDK 64-Bit Server VM Temurin-21.0.6+7 (21.0.6+7-LTS, mixed mode, sharing, tiered, compressed oops, compressed class ptrs, parallel gc, windows-amd64)
GC Precious Log:
 CardTable entry size: 512
 CPUs: 8 total, 8 available
 Memory: 32683M
 Large Page Support: Disabled
 NUMA Support: Disabled
 Compressed Oops: Enabled (32-bit)
 Alignments: Space 512K, Generation 512K, Heap 2M
 Heap Min Capacity: 100M
 Heap Initial Capacity: 100M
 Heap Max Capacity: 1G
 Pre-touch: Disabled
 Parallel Workers: 8
Heap:
 PSYoungGen      total 2560K, used 2538K [0x00000000eab00000, 0x00000000eb000000, 0x0000000100000000)
  eden space 2048K, 100% used [0x00000000eab00000,0x00000000ead00000,0x00000000ead00000)
  from space 512K, 95% used [0x00000000ead80000,0x00000000eadfa8f0,0x00000000eae00000)
  to   space 1536K, 100% used [0x00000000eae80000,0x00000000eb000000,0x00000000eb000000)
 ParOldGen       total 685568K, used 685240K [0x00000000c0000000, 0x00000000e9d80000, 0x00000000eab00000)
  object space 685568K, 99% used [0x00000000c0000000,0x00000000e9d2e060,0x00000000e9d80000)
 Metaspace       used 80644K, committed 82368K, reserved 1179648K
  class space    used 8084K, committed 8832K, reserved 1048576K
GC Heap History (20 events):
Event: 310.214 GC heap after
{Heap after GC invocations=876 (full 4):
 PSYoungGen      total 2560K, used 512K [0x00000000eab00000, 0x00000000eb000000, 0x0000000100000000)
  eden space 2048K, 0% used [0x00000000eab00000,0x00000000eab00000,0x00000000ead00000)
  from space 512K, 100% used [0x00000000eae80000,0x00000000eaf00000,0x00000000eaf00000)
  to   space 1536K, 0% used [0x00000000ead00000,0x00000000ead00000,0x00000000eae80000)
 ParOldGen       total 679936K, used 679661K [0x00000000c0000000, 0x00000000e9800000, 0x00000000eab00000)
  object space 679936K, 99% used [0x00000000c0000000,0x00000000e97bb4d8,0x00000000e9800000)
 Metaspace       used 80634K, committed 82368K, reserved 1179648K
  class space    used 8084K, committed 8832K, reserved 1048576K
}
Event: 310.219 GC heap before
{Heap before GC invocations=877 (full 4):
 PSYoungGen      total 2560K, used 2560K [0x00000000eab00000, 0x00000000eb000000, 0x0000000100000000)
  eden space 2048K, 100% used [0x00000000eab00000,0x00000000ead00000,0x00000000ead00000)
  from space 512K, 100% used [0x00000000eae80000,0x00000000eaf00000,0x00000000eaf00000)
  to   space 1536K, 0% used [0x00000000ead00000,0x00000000ead00000,0x00000000eae80000)
 ParOldGen       total 679936K, used 679661K [0x00000000c0000000, 0x00000000e9800000, 0x00000000eab00000)
  object space 679936K, 99% used [0x00000000c0000000,0x00000000e97bb4d8,0x00000000e9800000)
 Metaspace       used 80634K, committed 82368K, reserved 1179648K
  class space    used 8084K, committed 8832K, reserved 1048576K
}
Event: 310.220 GC heap after
{Heap after GC invocations=877 (full 4):
 PSYoungGen      total 3072K, used 768K [0x00000000eab00000, 0x00000000eaf00000, 0x0000000100000000)
  eden space 2048K, 0% used [0x00000000eab00000,0x00000000eab00000,0x00000000ead00000)
  from space 1024K, 75% used [0x00000000ead00000,0x00000000eadc0000,0x00000000eae00000)
  to   space 1024K, 0% used [0x00000000eae00000,0x00000000eae00000,0x00000000eaf00000)
 ParOldGen       total 680448K, used 680213K [0x00000000c0000000, 0x00000000e9880000, 0x00000000eab00000)
  object space 680448K, 99% used [0x00000000c0000000,0x00000000e98454e8,0x00000000e9880000)
 Metaspace       used 80634K, committed 82368K, reserved 1179648K
  class space    used 8084K, committed 8832K, reserved 1048576K
}
Event: 310.224 GC heap before
{Heap before GC invocations=878 (full 4):
 PSYoungGen      total 3072K, used 2816K [0x00000000eab00000, 0x00000000eaf00000, 0x0000000100000000)
  eden space 2048K, 100% used [0x00000000eab00000,0x00000000ead00000,0x00000000ead00000)
  from space 1024K, 75% used [0x00000000ead00000,0x00000000eadc0000,0x00000000eae00000)
  to   space 1024K, 0% used [0x00000000eae00000,0x00000000eae00000,0x00000000eaf00000)
 ParOldGen       total 680448K, used 680213K [0x00000000c0000000, 0x00000000e9880000, 0x00000000eab00000)
  object space 680448K, 99% used [0x00000000c0000000,0x00000000e98454e8,0x00000000e9880000)
 Metaspace       used 80634K, committed 82368K, reserved 1179648K
  class space    used 8084K, committed 8832K, reserved 1048576K
}
Event: 310.225 GC heap after
{Heap after GC invocations=878 (full 4):
 PSYoungGen      total 3072K, used 640K [0x00000000eab00000, 0x00000000eaf00000, 0x0000000100000000)
  eden space 2048K, 0% used [0x00000000eab00000,0x00000000eab00000,0x00000000ead00000)
  from space 1024K, 62% used [0x00000000eae00000,0x00000000eaea0000,0x00000000eaf00000)
  to   space 1024K, 0% used [0x00000000ead00000,0x00000000ead00000,0x00000000eae00000)
 ParOldGen       total 680960K, used 680888K [0x00000000c0000000, 0x00000000e9900000, 0x00000000eab00000)
  object space 680960K, 99% used [0x00000000c0000000,0x00000000e98ee130,0x00000000e9900000)
 Metaspace       used 80634K, committed 82368K, reserved 1179648K
  class space    used 8084K, committed 8832K, reserved 1048576K
}
Event: 310.231 GC heap before
{Heap before GC invocations=879 (full 4):
 PSYoungGen      total 3072K, used 2688K [0x00000000eab00000, 0x00000000eaf00000, 0x0000000100000000)
  eden space 2048K, 100% used [0x00000000eab00000,0x00000000ead00000,0x00000000ead00000)
  from space 1024K, 62% used [0x00000000eae00000,0x00000000eaea0000,0x00000000eaf00000)
  to   space 1024K, 0% used [0x00000000ead00000,0x00000000ead00000,0x00000000eae00000)
 ParOldGen       total 680960K, used 680888K [0x00000000c0000000, 0x00000000e9900000, 0x00000000eab00000)
  object space 680960K, 99% used [0x00000000c0000000,0x00000000e98ee130,0x00000000e9900000)
 Metaspace       used 80634K, committed 82368K, reserved 1179648K
  class space    used 8084K, committed 8832K, reserved 1048576K
}
Event: 310.232 GC heap after
{Heap after GC invocations=879 (full 4):
 PSYoungGen      total 3072K, used 832K [0x00000000eab00000, 0x00000000eaf00000, 0x0000000100000000)
  eden space 2048K, 0% used [0x00000000eab00000,0x00000000eab00000,0x00000000ead00000)
  from space 1024K, 81% used [0x00000000ead00000,0x00000000eadd0000,0x00000000eae00000)
  to   space 1024K, 0% used [0x00000000eae00000,0x00000000eae00000,0x00000000eaf00000)
 ParOldGen       total 681472K, used 681412K [0x00000000c0000000, 0x00000000e9980000, 0x00000000eab00000)
  object space 681472K, 99% used [0x00000000c0000000,0x00000000e9971140,0x00000000e9980000)
 Metaspace       used 80634K, committed 82368K, reserved 1179648K
  class space    used 8084K, committed 8832K, reserved 1048576K
}
Event: 310.237 GC heap before
{Heap before GC invocations=880 (full 4):
 PSYoungGen      total 3072K, used 2880K [0x00000000eab00000, 0x00000000eaf00000, 0x0000000100000000)
  eden space 2048K, 100% used [0x00000000eab00000,0x00000000ead00000,0x00000000ead00000)
  from space 1024K, 81% used [0x00000000ead00000,0x00000000eadd0000,0x00000000eae00000)
  to   space 1024K, 0% used [0x00000000eae00000,0x00000000eae00000,0x00000000eaf00000)
 ParOldGen       total 681472K, used 681412K [0x00000000c0000000, 0x00000000e9980000, 0x00000000eab00000)
  object space 681472K, 99% used [0x00000000c0000000,0x00000000e9971140,0x00000000e9980000)
 Metaspace       used 80634K, committed 82368K, reserved 1179648K
  class space    used 8084K, committed 8832K, reserved 1048576K
}
Event: 310.238 GC heap after
{Heap after GC invocations=880 (full 4):
 PSYoungGen      total 3072K, used 848K [0x00000000eab00000, 0x00000000eaf00000, 0x0000000100000000)
  eden space 2048K, 0% used [0x00000000eab00000,0x00000000eab00000,0x00000000ead00000)
  from space 1024K, 82% used [0x00000000eae00000,0x00000000eaed4010,0x00000000eaf00000)
  to   space 1024K, 0% used [0x00000000ead00000,0x00000000ead00000,0x00000000eae00000)
 ParOldGen       total 682496K, used 682061K [0x00000000c0000000, 0x00000000e9a80000, 0x00000000eab00000)
  object space 682496K, 99% used [0x00000000c0000000,0x00000000e9a13440,0x00000000e9a80000)
 Metaspace       used 80634K, committed 82368K, reserved 1179648K
  class space    used 8084K, committed 8832K, reserved 1048576K
}
Event: 310.312 GC heap before
{Heap before GC invocations=881 (full 4):
 PSYoungGen      total 3072K, used 2896K [0x00000000eab00000, 0x00000000eaf00000, 0x0000000100000000)
  eden space 2048K, 100% used [0x00000000eab00000,0x00000000ead00000,0x00000000ead00000)
  from space 1024K, 82% used [0x00000000eae00000,0x00000000eaed4010,0x00000000eaf00000)
  to   space 1024K, 0% used [0x00000000ead00000,0x00000000ead00000,0x00000000eae00000)
 ParOldGen       total 682496K, used 682061K [0x00000000c0000000, 0x00000000e9a80000, 0x00000000eab00000)
  object space 682496K, 99% used [0x00000000c0000000,0x00000000e9a13440,0x00000000e9a80000)
 Metaspace       used 80635K, committed 82368K, reserved 1179648K
  class space    used 8084K, committed 8832K, reserved 1048576K
}
Event: 310.314 GC heap after
{Heap after GC invocations=881 (full 4):
 PSYoungGen      total 3072K, used 384K [0x00000000eab00000, 0x00000000eaf00000, 0x0000000100000000)
  eden space 2048K, 0% used [0x00000000eab00000,0x00000000eab00000,0x00000000ead00000)
  from space 1024K, 37% used [0x00000000ead00000,0x00000000ead60000,0x00000000eae00000)
  to   space 1024K, 0% used [0x00000000eae00000,0x00000000eae00000,0x00000000eaf00000)
 ParOldGen       total 683008K, used 682805K [0x00000000c0000000, 0x00000000e9b00000, 0x00000000eab00000)
  object space 683008K, 99% used [0x00000000c0000000,0x00000000e9acd7d0,0x00000000e9b00000)
 Metaspace       used 80635K, committed 82368K, reserved 1179648K
  class space    used 8084K, committed 8832K, reserved 1048576K
}
Event: 310.318 GC heap before
{Heap before GC invocations=882 (full 4):
 PSYoungGen      total 3072K, used 2425K [0x00000000eab00000, 0x00000000eaf00000, 0x0000000100000000)
  eden space 2048K, 99% used [0x00000000eab00000,0x00000000eacfe5f0,0x00000000ead00000)
  from space 1024K, 37% used [0x00000000ead00000,0x00000000ead60000,0x00000000eae00000)
  to   space 1024K, 0% used [0x00000000eae00000,0x00000000eae00000,0x00000000eaf00000)
 ParOldGen       total 683008K, used 682805K [0x00000000c0000000, 0x00000000e9b00000, 0x00000000eab00000)
  object space 683008K, 99% used [0x00000000c0000000,0x00000000e9acd7d0,0x00000000e9b00000)
 Metaspace       used 80638K, committed 82368K, reserved 1179648K
  class space    used 8084K, committed 8832K, reserved 1048576K
}
Event: 310.319 GC heap after
{Heap after GC invocations=882 (full 4):
 PSYoungGen      total 3072K, used 512K [0x00000000eab00000, 0x00000000eaf00000, 0x0000000100000000)
  eden space 2048K, 0% used [0x00000000eab00000,0x00000000eab00000,0x00000000ead00000)
  from space 1024K, 50% used [0x00000000eae00000,0x00000000eae80000,0x00000000eaf00000)
  to   space 1024K, 0% used [0x00000000ead00000,0x00000000ead00000,0x00000000eae00000)
 ParOldGen       total 683008K, used 682981K [0x00000000c0000000, 0x00000000e9b00000, 0x00000000eab00000)
  object space 683008K, 99% used [0x00000000c0000000,0x00000000e9af97d0,0x00000000e9b00000)
 Metaspace       used 80638K, committed 82368K, reserved 1179648K
  class space    used 8084K, committed 8832K, reserved 1048576K
}
Event: 310.403 GC heap before
{Heap before GC invocations=883 (full 4):
 PSYoungGen      total 3072K, used 2560K [0x00000000eab00000, 0x00000000eaf00000, 0x0000000100000000)
  eden space 2048K, 100% used [0x00000000eab00000,0x00000000ead00000,0x00000000ead00000)
  from space 1024K, 50% used [0x00000000eae00000,0x00000000eae80000,0x00000000eaf00000)
  to   space 1024K, 0% used [0x00000000ead00000,0x00000000ead00000,0x00000000eae00000)
 ParOldGen       total 683008K, used 682981K [0x00000000c0000000, 0x00000000e9b00000, 0x00000000eab00000)
  object space 683008K, 99% used [0x00000000c0000000,0x00000000e9af97d0,0x00000000e9b00000)
 Metaspace       used 80638K, committed 82368K, reserved 1179648K
  class space    used 8084K, committed 8832K, reserved 1048576K
}
Event: 310.404 GC heap after
{Heap after GC invocations=883 (full 4):
 PSYoungGen      total 3072K, used 283K [0x00000000eab00000, 0x00000000eae80000, 0x0000000100000000)
  eden space 2048K, 0% used [0x00000000eab00000,0x00000000eab00000,0x00000000ead00000)
  from space 1024K, 27% used [0x00000000ead00000,0x00000000ead46d78,0x00000000eae00000)
  to   space 512K, 0% used [0x00000000eae00000,0x00000000eae00000,0x00000000eae80000)
 ParOldGen       total 683520K, used 683337K [0x00000000c0000000, 0x00000000e9b80000, 0x00000000eab00000)
  object space 683520K, 99% used [0x00000000c0000000,0x00000000e9b525e8,0x00000000e9b80000)
 Metaspace       used 80638K, committed 82368K, reserved 1179648K
  class space    used 8084K, committed 8832K, reserved 1048576K
}
Event: 310.408 GC heap before
{Heap before GC invocations=884 (full 4):
 PSYoungGen      total 3072K, used 2331K [0x00000000eab00000, 0x00000000eae80000, 0x0000000100000000)
  eden space 2048K, 100% used [0x00000000eab00000,0x00000000ead00000,0x00000000ead00000)
  from space 1024K, 27% used [0x00000000ead00000,0x00000000ead46d78,0x00000000eae00000)
  to   space 512K, 0% used [0x00000000eae00000,0x00000000eae00000,0x00000000eae80000)
 ParOldGen       total 683520K, used 683337K [0x00000000c0000000, 0x00000000e9b80000, 0x00000000eab00000)
  object space 683520K, 99% used [0x00000000c0000000,0x00000000e9b525e8,0x00000000e9b80000)
 Metaspace       used 80641K, committed 82368K, reserved 1179648K
  class space    used 8084K, committed 8832K, reserved 1048576K
}
Event: 310.409 GC heap after
{Heap after GC invocations=884 (full 4):
 PSYoungGen      total 2560K, used 347K [0x00000000eab00000, 0x00000000eae80000, 0x0000000100000000)
  eden space 2048K, 0% used [0x00000000eab00000,0x00000000eab00000,0x00000000ead00000)
  from space 512K, 67% used [0x00000000eae00000,0x00000000eae56d78,0x00000000eae80000)
  to   space 512K, 0% used [0x00000000ead80000,0x00000000ead80000,0x00000000eae00000)
 ParOldGen       total 683520K, used 683472K [0x00000000c0000000, 0x00000000e9b80000, 0x00000000eab00000)
  object space 683520K, 99% used [0x00000000c0000000,0x00000000e9b740f8,0x00000000e9b80000)
 Metaspace       used 80641K, committed 82368K, reserved 1179648K
  class space    used 8084K, committed 8832K, reserved 1048576K
}
Event: 310.422 GC heap before
{Heap before GC invocations=885 (full 4):
 PSYoungGen      total 2560K, used 2395K [0x00000000eab00000, 0x00000000eae80000, 0x0000000100000000)
  eden space 2048K, 100% used [0x00000000eab00000,0x00000000ead00000,0x00000000ead00000)
  from space 512K, 67% used [0x00000000eae00000,0x00000000eae56d78,0x00000000eae80000)
  to   space 512K, 0% used [0x00000000ead80000,0x00000000ead80000,0x00000000eae00000)
 ParOldGen       total 683520K, used 683472K [0x00000000c0000000, 0x00000000e9b80000, 0x00000000eab00000)
  object space 683520K, 99% used [0x00000000c0000000,0x00000000e9b740f8,0x00000000e9b80000)
 Metaspace       used 80644K, committed 82368K, reserved 1179648K
  class space    used 8084K, committed 8832K, reserved 1048576K
}
Event: 310.424 GC heap after
{Heap after GC invocations=885 (full 4):
 PSYoungGen      total 2560K, used 490K [0x00000000eab00000, 0x00000000eb000000, 0x0000000100000000)
  eden space 2048K, 0% used [0x00000000eab00000,0x00000000eab00000,0x00000000ead00000)
  from space 512K, 95% used [0x00000000ead80000,0x00000000eadfa8f0,0x00000000eae00000)
  to   space 1536K, 0% used [0x00000000eae80000,0x00000000eae80000,0x00000000eb000000)
 ParOldGen       total 684544K, used 684269K [0x00000000c0000000, 0x00000000e9c80000, 0x00000000eab00000)
  object space 684544K, 99% used [0x00000000c0000000,0x00000000e9c3b760,0x00000000e9c80000)
 Metaspace       used 80644K, committed 82368K, reserved 1179648K
  class space    used 8084K, committed 8832K, reserved 1048576K
}
Event: 310.426 GC heap before
{Heap before GC invocations=886 (full 4):
 PSYoungGen      total 2560K, used 2538K [0x00000000eab00000, 0x00000000eb000000, 0x0000000100000000)
  eden space 2048K, 100% used [0x00000000eab00000,0x00000000ead00000,0x00000000ead00000)
  from space 512K, 95% used [0x00000000ead80000,0x00000000eadfa8f0,0x00000000eae00000)
  to   space 1536K, 0% used [0x00000000eae80000,0x00000000eae80000,0x00000000eb000000)
 ParOldGen       total 684544K, used 684269K [0x00000000c0000000, 0x00000000e9c80000, 0x00000000eab00000)
  object space 684544K, 99% used [0x00000000c0000000,0x00000000e9c3b760,0x00000000e9c80000)
 Metaspace       used 80644K, committed 82368K, reserved 1179648K
  class space    used 8084K, committed 8832K, reserved 1048576K
}

