# JRE version: OpenJDK Runtime Environment Temurin-21.0.6+7 (21.0.6+7) (build 21.0.6+7-LTS)
# Java VM: OpenJDK 64-Bit Server VM Temurin-21.0.6+7 (21.0.6+7-LTS, mixed mode, sharing, tiered, compressed oops, compressed class ptrs, parallel gc, windows-amd64)
GC Precious Log:
 CardTable entry size: 512
 CPUs: 8 total, 8 available
 Memory: 32683M
 Large Page Support: Disabled
 NUMA Support: Disabled
 Compressed Oops: Enabled (32-bit)
 Alignments: Space 512K, Generation 512K, Heap 2M
 Heap Min Capacity: 100M
 Heap Initial Capacity: 100M
 Heap Max Capacity: 1G
 Pre-touch: Disabled
 Parallel Workers: 8
Heap:
 PSYoungGen      total 2048K, used 1632K [0x00000000eab00000, 0x00000000eae00000, 0x0000000100000000)
  eden space 1536K, 100% used [0x00000000eab00000,0x00000000eac80000,0x00000000eac80000)
  from space 512K, 18% used [0x00000000ead80000,0x00000000ead98000,0x00000000eae00000)
  to   space 512K, 95% used [0x00000000eac80000,0x00000000eacfa8f0,0x00000000ead00000)
 ParOldGen       total 669184K, used 123931K [0x00000000c0000000, 0x00000000e8d80000, 0x00000000eab00000)
  object space 669184K, 18% used [0x00000000c0000000,0x00000000c7906e48,0x00000000e8d80000)
 Metaspace       used 84457K, committed 86592K, reserved 1179648K
  class space    used 8352K, committed 9280K, reserved 1048576K
GC Heap History (20 events):
Event: 3257.638 GC heap after
{Heap after GC invocations=1046 (full 5):
 PSYoungGen      total 2048K, used 512K [0x00000000eab00000, 0x00000000eae80000, 0x0000000100000000)
  eden space 1536K, 0% used [0x00000000eab00000,0x00000000eab00000,0x00000000eac80000)
  from space 512K, 100% used [0x00000000ead80000,0x00000000eae00000,0x00000000eae00000)
  to   space 512K, 0% used [0x00000000eae00000,0x00000000eae00000,0x00000000eae80000)
 ParOldGen       total 669184K, used 121082K [0x00000000c0000000, 0x00000000e8d80000, 0x00000000eab00000)
  object space 669184K, 18% used [0x00000000c0000000,0x00000000c763e838,0x00000000e8d80000)
 Metaspace       used 84427K, committed 86592K, reserved 1179648K
  class space    used 8352K, committed 9280K, reserved 1048576K
}
Event: 3257.647 GC heap before
{Heap before GC invocations=1047 (full 5):
 PSYoungGen      total 2048K, used 2048K [0x00000000eab00000, 0x00000000eae80000, 0x0000000100000000)
  eden space 1536K, 100% used [0x00000000eab00000,0x00000000eac80000,0x00000000eac80000)
  from space 512K, 100% used [0x00000000ead80000,0x00000000eae00000,0x00000000eae00000)
  to   space 512K, 0% used [0x00000000eae00000,0x00000000eae00000,0x00000000eae80000)
 ParOldGen       total 669184K, used 121082K [0x00000000c0000000, 0x00000000e8d80000, 0x00000000eab00000)
  object space 669184K, 18% used [0x00000000c0000000,0x00000000c763e838,0x00000000e8d80000)
 Metaspace       used 84435K, committed 86592K, reserved 1179648K
  class space    used 8352K, committed 9280K, reserved 1048576K
}
Event: 3257.648 GC heap after
{Heap after GC invocations=1047 (full 5):
 PSYoungGen      total 2048K, used 480K [0x00000000eab00000, 0x00000000eae80000, 0x0000000100000000)
  eden space 1536K, 0% used [0x00000000eab00000,0x00000000eab00000,0x00000000eac80000)
  from space 512K, 93% used [0x00000000eae00000,0x00000000eae78000,0x00000000eae80000)
  to   space 512K, 0% used [0x00000000ead80000,0x00000000ead80000,0x00000000eae00000)
 ParOldGen       total 669184K, used 121438K [0x00000000c0000000, 0x00000000e8d80000, 0x00000000eab00000)
  object space 669184K, 18% used [0x00000000c0000000,0x00000000c7697848,0x00000000e8d80000)
 Metaspace       used 84435K, committed 86592K, reserved 1179648K
  class space    used 8352K, committed 9280K, reserved 1048576K
}
Event: 3257.652 GC heap before
{Heap before GC invocations=1048 (full 5):
 PSYoungGen      total 2048K, used 2016K [0x00000000eab00000, 0x00000000eae80000, 0x0000000100000000)
  eden space 1536K, 100% used [0x00000000eab00000,0x00000000eac80000,0x00000000eac80000)
  from space 512K, 93% used [0x00000000eae00000,0x00000000eae78000,0x00000000eae80000)
  to   space 512K, 0% used [0x00000000ead80000,0x00000000ead80000,0x00000000eae00000)
 ParOldGen       total 669184K, used 121438K [0x00000000c0000000, 0x00000000e8d80000, 0x00000000eab00000)
  object space 669184K, 18% used [0x00000000c0000000,0x00000000c7697848,0x00000000e8d80000)
 Metaspace       used 84448K, committed 86592K, reserved 1179648K
  class space    used 8352K, committed 9280K, reserved 1048576K
}
Event: 3257.653 GC heap after
{Heap after GC invocations=1048 (full 5):
 PSYoungGen      total 2048K, used 512K [0x00000000eab00000, 0x00000000eae80000, 0x0000000100000000)
  eden space 1536K, 0% used [0x00000000eab00000,0x00000000eab00000,0x00000000eac80000)
  from space 512K, 100% used [0x00000000ead80000,0x00000000eae00000,0x00000000eae00000)
  to   space 512K, 0% used [0x00000000eae00000,0x00000000eae00000,0x00000000eae80000)
 ParOldGen       total 669184K, used 121822K [0x00000000c0000000, 0x00000000e8d80000, 0x00000000eab00000)
  object space 669184K, 18% used [0x00000000c0000000,0x00000000c76f7878,0x00000000e8d80000)
 Metaspace       used 84448K, committed 86592K, reserved 1179648K
  class space    used 8352K, committed 9280K, reserved 1048576K
}
Event: 3257.666 GC heap before
{Heap before GC invocations=1049 (full 5):
 PSYoungGen      total 2048K, used 2048K [0x00000000eab00000, 0x00000000eae80000, 0x0000000100000000)
  eden space 1536K, 100% used [0x00000000eab00000,0x00000000eac80000,0x00000000eac80000)
  from space 512K, 100% used [0x00000000ead80000,0x00000000eae00000,0x00000000eae00000)
  to   space 512K, 0% used [0x00000000eae00000,0x00000000eae00000,0x00000000eae80000)
 ParOldGen       total 669184K, used 121822K [0x00000000c0000000, 0x00000000e8d80000, 0x00000000eab00000)
  object space 669184K, 18% used [0x00000000c0000000,0x00000000c76f7878,0x00000000e8d80000)
 Metaspace       used 84448K, committed 86592K, reserved 1179648K
  class space    used 8352K, committed 9280K, reserved 1048576K
}
Event: 3257.667 GC heap after
{Heap after GC invocations=1049 (full 5):
 PSYoungGen      total 2048K, used 480K [0x00000000eab00000, 0x00000000eaf80000, 0x0000000100000000)
  eden space 1536K, 0% used [0x00000000eab00000,0x00000000eab00000,0x00000000eac80000)
  from space 512K, 93% used [0x00000000eae00000,0x00000000eae78010,0x00000000eae80000)
  to   space 1536K, 0% used [0x00000000eac80000,0x00000000eac80000,0x00000000eae00000)
 ParOldGen       total 669184K, used 122364K [0x00000000c0000000, 0x00000000e8d80000, 0x00000000eab00000)
  object space 669184K, 18% used [0x00000000c0000000,0x00000000c777f018,0x00000000e8d80000)
 Metaspace       used 84448K, committed 86592K, reserved 1179648K
  class space    used 8352K, committed 9280K, reserved 1048576K
}
Event: 3257.672 GC heap before
{Heap before GC invocations=1050 (full 5):
 PSYoungGen      total 2048K, used 2016K [0x00000000eab00000, 0x00000000eaf80000, 0x0000000100000000)
  eden space 1536K, 100% used [0x00000000eab00000,0x00000000eac80000,0x00000000eac80000)
  from space 512K, 93% used [0x00000000eae00000,0x00000000eae78010,0x00000000eae80000)
  to   space 1536K, 0% used [0x00000000eac80000,0x00000000eac80000,0x00000000eae00000)
 ParOldGen       total 669184K, used 122364K [0x00000000c0000000, 0x00000000e8d80000, 0x00000000eab00000)
  object space 669184K, 18% used [0x00000000c0000000,0x00000000c777f018,0x00000000e8d80000)
 Metaspace       used 84450K, committed 86592K, reserved 1179648K
  class space    used 8352K, committed 9280K, reserved 1048576K
}
Event: 3257.673 GC heap after
{Heap after GC invocations=1050 (full 5):
 PSYoungGen      total 2048K, used 368K [0x00000000eab00000, 0x00000000eae80000, 0x0000000100000000)
  eden space 1536K, 0% used [0x00000000eab00000,0x00000000eab00000,0x00000000eac80000)
  from space 512K, 71% used [0x00000000eac80000,0x00000000eacdc010,0x00000000ead00000)
  to   space 1024K, 0% used [0x00000000ead80000,0x00000000ead80000,0x00000000eae80000)
 ParOldGen       total 669184K, used 122756K [0x00000000c0000000, 0x00000000e8d80000, 0x00000000eab00000)
  object space 669184K, 18% used [0x00000000c0000000,0x00000000c77e1028,0x00000000e8d80000)
 Metaspace       used 84450K, committed 86592K, reserved 1179648K
  class space    used 8352K, committed 9280K, reserved 1048576K
}
Event: 3257.684 GC heap before
{Heap before GC invocations=1051 (full 5):
 PSYoungGen      total 2048K, used 1904K [0x00000000eab00000, 0x00000000eae80000, 0x0000000100000000)
  eden space 1536K, 99% used [0x00000000eab00000,0x00000000eac7fff0,0x00000000eac80000)
  from space 512K, 71% used [0x00000000eac80000,0x00000000eacdc010,0x00000000ead00000)
  to   space 1024K, 0% used [0x00000000ead80000,0x00000000ead80000,0x00000000eae80000)
 ParOldGen       total 669184K, used 122756K [0x00000000c0000000, 0x00000000e8d80000, 0x00000000eab00000)
  object space 669184K, 18% used [0x00000000c0000000,0x00000000c77e1028,0x00000000e8d80000)
 Metaspace       used 84454K, committed 86592K, reserved 1179648K
  class space    used 8352K, committed 9280K, reserved 1048576K
}
Event: 3257.684 GC heap after
{Heap after GC invocations=1051 (full 5):
 PSYoungGen      total 2048K, used 320K [0x00000000eab00000, 0x00000000eae00000, 0x0000000100000000)
  eden space 1536K, 0% used [0x00000000eab00000,0x00000000eab00000,0x00000000eac80000)
  from space 512K, 62% used [0x00000000ead80000,0x00000000eadd0000,0x00000000eae00000)
  to   space 512K, 0% used [0x00000000eac80000,0x00000000eac80000,0x00000000ead00000)
 ParOldGen       total 669184K, used 122940K [0x00000000c0000000, 0x00000000e8d80000, 0x00000000eab00000)
  object space 669184K, 18% used [0x00000000c0000000,0x00000000c780f128,0x00000000e8d80000)
 Metaspace       used 84454K, committed 86592K, reserved 1179648K
  class space    used 8352K, committed 9280K, reserved 1048576K
}
Event: 3257.720 GC heap before
{Heap before GC invocations=1052 (full 5):
 PSYoungGen      total 2048K, used 1856K [0x00000000eab00000, 0x00000000eae00000, 0x0000000100000000)
  eden space 1536K, 100% used [0x00000000eab00000,0x00000000eac80000,0x00000000eac80000)
  from space 512K, 62% used [0x00000000ead80000,0x00000000eadd0000,0x00000000eae00000)
  to   space 512K, 0% used [0x00000000eac80000,0x00000000eac80000,0x00000000ead00000)
 ParOldGen       total 669184K, used 122940K [0x00000000c0000000, 0x00000000e8d80000, 0x00000000eab00000)
  object space 669184K, 18% used [0x00000000c0000000,0x00000000c780f128,0x00000000e8d80000)
 Metaspace       used 84454K, committed 86592K, reserved 1179648K
  class space    used 8352K, committed 9280K, reserved 1048576K
}
Event: 3257.720 GC heap after
{Heap after GC invocations=1052 (full 5):
 PSYoungGen      total 2048K, used 224K [0x00000000eab00000, 0x00000000eae00000, 0x0000000100000000)
  eden space 1536K, 0% used [0x00000000eab00000,0x00000000eab00000,0x00000000eac80000)
  from space 512K, 43% used [0x00000000eac80000,0x00000000eacb8000,0x00000000ead00000)
  to   space 512K, 0% used [0x00000000ead80000,0x00000000ead80000,0x00000000eae00000)
 ParOldGen       total 669184K, used 123145K [0x00000000c0000000, 0x00000000e8d80000, 0x00000000eab00000)
  object space 669184K, 18% used [0x00000000c0000000,0x00000000c7842558,0x00000000e8d80000)
 Metaspace       used 84454K, committed 86592K, reserved 1179648K
  class space    used 8352K, committed 9280K, reserved 1048576K
}
Event: 3257.737 GC heap before
{Heap before GC invocations=1053 (full 5):
 PSYoungGen      total 2048K, used 1760K [0x00000000eab00000, 0x00000000eae00000, 0x0000000100000000)
  eden space 1536K, 100% used [0x00000000eab00000,0x00000000eac80000,0x00000000eac80000)
  from space 512K, 43% used [0x00000000eac80000,0x00000000eacb8000,0x00000000ead00000)
  to   space 512K, 0% used [0x00000000ead80000,0x00000000ead80000,0x00000000eae00000)
 ParOldGen       total 669184K, used 123145K [0x00000000c0000000, 0x00000000e8d80000, 0x00000000eab00000)
  object space 669184K, 18% used [0x00000000c0000000,0x00000000c7842558,0x00000000e8d80000)
 Metaspace       used 84454K, committed 86592K, reserved 1179648K
  class space    used 8352K, committed 9280K, reserved 1048576K
}
Event: 3257.737 GC heap after
{Heap after GC invocations=1053 (full 5):
 PSYoungGen      total 2048K, used 224K [0x00000000eab00000, 0x00000000eae00000, 0x0000000100000000)
  eden space 1536K, 0% used [0x00000000eab00000,0x00000000eab00000,0x00000000eac80000)
  from space 512K, 43% used [0x00000000ead80000,0x00000000eadb8000,0x00000000eae00000)
  to   space 512K, 0% used [0x00000000eac80000,0x00000000eac80000,0x00000000ead00000)
 ParOldGen       total 669184K, used 123209K [0x00000000c0000000, 0x00000000e8d80000, 0x00000000eab00000)
  object space 669184K, 18% used [0x00000000c0000000,0x00000000c7852558,0x00000000e8d80000)
 Metaspace       used 84454K, committed 86592K, reserved 1179648K
  class space    used 8352K, committed 9280K, reserved 1048576K
}
Event: 3257.745 GC heap before
{Heap before GC invocations=1054 (full 5):
 PSYoungGen      total 2048K, used 1760K [0x00000000eab00000, 0x00000000eae00000, 0x0000000100000000)
  eden space 1536K, 100% used [0x00000000eab00000,0x00000000eac80000,0x00000000eac80000)
  from space 512K, 43% used [0x00000000ead80000,0x00000000eadb8000,0x00000000eae00000)
  to   space 512K, 0% used [0x00000000eac80000,0x00000000eac80000,0x00000000ead00000)
 ParOldGen       total 669184K, used 123209K [0x00000000c0000000, 0x00000000e8d80000, 0x00000000eab00000)
  object space 669184K, 18% used [0x00000000c0000000,0x00000000c7852558,0x00000000e8d80000)
 Metaspace       used 84456K, committed 86592K, reserved 1179648K
  class space    used 8352K, committed 9280K, reserved 1048576K
}
Event: 3257.746 GC heap after
{Heap after GC invocations=1054 (full 5):
 PSYoungGen      total 2048K, used 256K [0x00000000eab00000, 0x00000000eae00000, 0x0000000100000000)
  eden space 1536K, 0% used [0x00000000eab00000,0x00000000eab00000,0x00000000eac80000)
  from space 512K, 50% used [0x00000000eac80000,0x00000000eacc0000,0x00000000ead00000)
  to   space 512K, 0% used [0x00000000ead80000,0x00000000ead80000,0x00000000eae00000)
 ParOldGen       total 669184K, used 123273K [0x00000000c0000000, 0x00000000e8d80000, 0x00000000eab00000)
  object space 669184K, 18% used [0x00000000c0000000,0x00000000c7862558,0x00000000e8d80000)
 Metaspace       used 84456K, committed 86592K, reserved 1179648K
  class space    used 8352K, committed 9280K, reserved 1048576K
}
Event: 3257.757 GC heap before
{Heap before GC invocations=1055 (full 5):
 PSYoungGen      total 2048K, used 1786K [0x00000000eab00000, 0x00000000eae00000, 0x0000000100000000)
  eden space 1536K, 99% used [0x00000000eab00000,0x00000000eac7e830,0x00000000eac80000)
  from space 512K, 50% used [0x00000000eac80000,0x00000000eacc0000,0x00000000ead00000)
  to   space 512K, 0% used [0x00000000ead80000,0x00000000ead80000,0x00000000eae00000)
 ParOldGen       total 669184K, used 123273K [0x00000000c0000000, 0x00000000e8d80000, 0x00000000eab00000)
  object space 669184K, 18% used [0x00000000c0000000,0x00000000c7862558,0x00000000e8d80000)
 Metaspace       used 84456K, committed 86592K, reserved 1179648K
  class space    used 8352K, committed 9280K, reserved 1048576K
}
Event: 3257.757 GC heap after
{Heap after GC invocations=1055 (full 5):
 PSYoungGen      total 2048K, used 96K [0x00000000eab00000, 0x00000000eae00000, 0x0000000100000000)
  eden space 1536K, 0% used [0x00000000eab00000,0x00000000eab00000,0x00000000eac80000)
  from space 512K, 18% used [0x00000000ead80000,0x00000000ead98000,0x00000000eae00000)
  to   space 512K, 0% used [0x00000000eac80000,0x00000000eac80000,0x00000000ead00000)
 ParOldGen       total 669184K, used 123361K [0x00000000c0000000, 0x00000000e8d80000, 0x00000000eab00000)
  object space 669184K, 18% used [0x00000000c0000000,0x00000000c7878558,0x00000000e8d80000)
 Metaspace       used 84456K, committed 86592K, reserved 1179648K
  class space    used 8352K, committed 9280K, reserved 1048576K
}
Event: 3257.767 GC heap before
{Heap before GC invocations=1056 (full 5):
 PSYoungGen      total 2048K, used 1632K [0x00000000eab00000, 0x00000000eae00000, 0x0000000100000000)
  eden space 1536K, 100% used [0x00000000eab00000,0x00000000eac80000,0x00000000eac80000)
  from space 512K, 18% used [0x00000000ead80000,0x00000000ead98000,0x00000000eae00000)
  to   space 512K, 0% used [0x00000000eac80000,0x00000000eac80000,0x00000000ead00000)
 ParOldGen       total 669184K, used 123361K [0x00000000c0000000, 0x00000000e8d80000, 0x00000000eab00000)
  object space 669184K, 18% used [0x00000000c0000000,0x00000000c7878558,0x00000000e8d80000)
 Metaspace       used 84457K, committed 86592K, reserved 1179648K
  class space    used 8352K, committed 9280K, reserved 1048576K
}

