# JRE version: OpenJDK Runtime Environment Temurin-21.0.6+7 (21.0.6+7) (build 21.0.6+7-LTS)
# Java VM: OpenJDK 64-Bit Server VM Temurin-21.0.6+7 (21.0.6+7-LTS, mixed mode, sharing, tiered, compressed oops, compressed class ptrs, parallel gc, windows-amd64)
GC Precious Log:
 CardTable entry size: 512
 CPUs: 8 total, 8 available
 Memory: 32683M
 Large Page Support: Disabled
 NUMA Support: Disabled
 Compressed Oops: Enabled (32-bit)
 Alignments: Space 512K, Generation 512K, Heap 2M
 Heap Min Capacity: 100M
 Heap Initial Capacity: 100M
 Heap Max Capacity: 1G
 Pre-touch: Disabled
 Parallel Workers: 8
Heap:
 PSYoungGen      total 2560K, used 2560K [0x00000000eab00000, 0x00000000eb200000, 0x0000000100000000)
  eden space 2048K, 100% used [0x00000000eab00000,0x00000000ead00000,0x00000000ead00000)
  from space 512K, 100% used [0x00000000eaf80000,0x00000000eb000000,0x00000000eb000000)
  to   space 2560K, 76% used [0x00000000ead00000,0x00000000eaee8000,0x00000000eaf80000)
 ParOldGen       total 626688K, used 626249K [0x00000000c0000000, 0x00000000e6400000, 0x00000000eab00000)
  object space 626688K, 99% used [0x00000000c0000000,0x00000000e6392508,0x00000000e6400000)
 Metaspace       used 74678K, committed 76416K, reserved 1179648K
  class space    used 7416K, committed 8192K, reserved 1048576K
GC Heap History (20 events):
Event: 115.500 GC heap after
{Heap after GC invocations=552 (full 3):
 PSYoungGen      total 7680K, used 2884K [0x00000000eab00000, 0x00000000eb580000, 0x0000000100000000)
  eden space 4608K, 0% used [0x00000000eab00000,0x00000000eab00000,0x00000000eaf80000)
  from space 3072K, 93% used [0x00000000eaf80000,0x00000000eb2513a0,0x00000000eb280000)
  to   space 3072K, 0% used [0x00000000eb280000,0x00000000eb280000,0x00000000eb580000)
 ParOldGen       total 616448K, used 616106K [0x00000000c0000000, 0x00000000e5a00000, 0x00000000eab00000)
  object space 616448K, 99% used [0x00000000c0000000,0x00000000e59aaa30,0x00000000e5a00000)
 Metaspace       used 74660K, committed 76416K, reserved 1179648K
  class space    used 7416K, committed 8192K, reserved 1048576K
}
Event: 115.514 GC heap before
{Heap before GC invocations=553 (full 3):
 PSYoungGen      total 7680K, used 7492K [0x00000000eab00000, 0x00000000eb580000, 0x0000000100000000)
  eden space 4608K, 100% used [0x00000000eab00000,0x00000000eaf80000,0x00000000eaf80000)
  from space 3072K, 93% used [0x00000000eaf80000,0x00000000eb2513a0,0x00000000eb280000)
  to   space 3072K, 0% used [0x00000000eb280000,0x00000000eb280000,0x00000000eb580000)
 ParOldGen       total 616448K, used 616106K [0x00000000c0000000, 0x00000000e5a00000, 0x00000000eab00000)
  object space 616448K, 99% used [0x00000000c0000000,0x00000000e59aaa30,0x00000000e5a00000)
 Metaspace       used 74662K, committed 76416K, reserved 1179648K
  class space    used 7416K, committed 8192K, reserved 1048576K
}
Event: 115.518 GC heap after
{Heap after GC invocations=553 (full 3):
 PSYoungGen      total 3584K, used 3072K [0x00000000eab00000, 0x00000000ebd80000, 0x0000000100000000)
  eden space 512K, 0% used [0x00000000eab00000,0x00000000eab00000,0x00000000eab80000)
  from space 3072K, 100% used [0x00000000eb280000,0x00000000eb580000,0x00000000eb580000)
  to   space 7168K, 0% used [0x00000000eab80000,0x00000000eab80000,0x00000000eb280000)
 ParOldGen       total 619520K, used 619388K [0x00000000c0000000, 0x00000000e5d00000, 0x00000000eab00000)
  object space 619520K, 99% used [0x00000000c0000000,0x00000000e5cdf108,0x00000000e5d00000)
 Metaspace       used 74662K, committed 76416K, reserved 1179648K
  class space    used 7416K, committed 8192K, reserved 1048576K
}
Event: 115.531 GC heap before
{Heap before GC invocations=554 (full 3):
 PSYoungGen      total 3584K, used 3583K [0x00000000eab00000, 0x00000000ebd80000, 0x0000000100000000)
  eden space 512K, 99% used [0x00000000eab00000,0x00000000eab7fff8,0x00000000eab80000)
  from space 3072K, 100% used [0x00000000eb280000,0x00000000eb580000,0x00000000eb580000)
  to   space 7168K, 0% used [0x00000000eab80000,0x00000000eab80000,0x00000000eb280000)
 ParOldGen       total 619520K, used 619388K [0x00000000c0000000, 0x00000000e5d00000, 0x00000000eab00000)
  object space 619520K, 99% used [0x00000000c0000000,0x00000000e5cdf108,0x00000000e5d00000)
 Metaspace       used 74662K, committed 76416K, reserved 1179648K
  class space    used 7416K, committed 8192K, reserved 1048576K
}
Event: 115.535 GC heap after
{Heap after GC invocations=554 (full 3):
 PSYoungGen      total 1536K, used 576K [0x00000000eab00000, 0x00000000eb300000, 0x0000000100000000)
  eden space 512K, 0% used [0x00000000eab00000,0x00000000eab00000,0x00000000eab80000)
  from space 1024K, 56% used [0x00000000eab80000,0x00000000eac10000,0x00000000eac80000)
  to   space 3072K, 0% used [0x00000000eb000000,0x00000000eb000000,0x00000000eb300000)
 ParOldGen       total 622592K, used 622512K [0x00000000c0000000, 0x00000000e6000000, 0x00000000eab00000)
  object space 622592K, 99% used [0x00000000c0000000,0x00000000e5fec200,0x00000000e6000000)
 Metaspace       used 74662K, committed 76416K, reserved 1179648K
  class space    used 7416K, committed 8192K, reserved 1048576K
}
Event: 115.541 GC heap before
{Heap before GC invocations=555 (full 3):
 PSYoungGen      total 1536K, used 1088K [0x00000000eab00000, 0x00000000eb300000, 0x0000000100000000)
  eden space 512K, 100% used [0x00000000eab00000,0x00000000eab80000,0x00000000eab80000)
  from space 1024K, 56% used [0x00000000eab80000,0x00000000eac10000,0x00000000eac80000)
  to   space 3072K, 0% used [0x00000000eb000000,0x00000000eb000000,0x00000000eb300000)
 ParOldGen       total 622592K, used 622512K [0x00000000c0000000, 0x00000000e6000000, 0x00000000eab00000)
  object space 622592K, 99% used [0x00000000c0000000,0x00000000e5fec200,0x00000000e6000000)
 Metaspace       used 74662K, committed 76416K, reserved 1179648K
  class space    used 7416K, committed 8192K, reserved 1048576K
}
Event: 115.542 GC heap after
{Heap after GC invocations=555 (full 3):
 PSYoungGen      total 1536K, used 576K [0x00000000eab00000, 0x00000000eb100000, 0x0000000100000000)
  eden space 512K, 0% used [0x00000000eab00000,0x00000000eab00000,0x00000000eab80000)
  from space 1024K, 56% used [0x00000000eb000000,0x00000000eb090000,0x00000000eb100000)
  to   space 1024K, 0% used [0x00000000eab80000,0x00000000eab80000,0x00000000eac80000)
 ParOldGen       total 623104K, used 623008K [0x00000000c0000000, 0x00000000e6080000, 0x00000000eab00000)
  object space 623104K, 99% used [0x00000000c0000000,0x00000000e6068200,0x00000000e6080000)
 Metaspace       used 74662K, committed 76416K, reserved 1179648K
  class space    used 7416K, committed 8192K, reserved 1048576K
}
Event: 115.544 GC heap before
{Heap before GC invocations=556 (full 3):
 PSYoungGen      total 1536K, used 1087K [0x00000000eab00000, 0x00000000eb100000, 0x0000000100000000)
  eden space 512K, 99% used [0x00000000eab00000,0x00000000eab7ff80,0x00000000eab80000)
  from space 1024K, 56% used [0x00000000eb000000,0x00000000eb090000,0x00000000eb100000)
  to   space 1024K, 0% used [0x00000000eab80000,0x00000000eab80000,0x00000000eac80000)
 ParOldGen       total 623104K, used 623008K [0x00000000c0000000, 0x00000000e6080000, 0x00000000eab00000)
  object space 623104K, 99% used [0x00000000c0000000,0x00000000e6068200,0x00000000e6080000)
 Metaspace       used 74664K, committed 76416K, reserved 1179648K
  class space    used 7416K, committed 8192K, reserved 1048576K
}
Event: 115.545 GC heap after
{Heap after GC invocations=556 (full 3):
 PSYoungGen      total 1536K, used 416K [0x00000000eab00000, 0x00000000eb080000, 0x0000000100000000)
  eden space 512K, 0% used [0x00000000eab00000,0x00000000eab00000,0x00000000eab80000)
  from space 1024K, 40% used [0x00000000eab80000,0x00000000eabe8000,0x00000000eac80000)
  to   space 1024K, 0% used [0x00000000eaf80000,0x00000000eaf80000,0x00000000eb080000)
 ParOldGen       total 623616K, used 623456K [0x00000000c0000000, 0x00000000e6100000, 0x00000000eab00000)
  object space 623616K, 99% used [0x00000000c0000000,0x00000000e60d8200,0x00000000e6100000)
 Metaspace       used 74664K, committed 76416K, reserved 1179648K
  class space    used 7416K, committed 8192K, reserved 1048576K
}
Event: 115.547 GC heap before
{Heap before GC invocations=557 (full 3):
 PSYoungGen      total 1536K, used 927K [0x00000000eab00000, 0x00000000eb080000, 0x0000000100000000)
  eden space 512K, 99% used [0x00000000eab00000,0x00000000eab7fff0,0x00000000eab80000)
  from space 1024K, 40% used [0x00000000eab80000,0x00000000eabe8000,0x00000000eac80000)
  to   space 1024K, 0% used [0x00000000eaf80000,0x00000000eaf80000,0x00000000eb080000)
 ParOldGen       total 623616K, used 623456K [0x00000000c0000000, 0x00000000e6100000, 0x00000000eab00000)
  object space 623616K, 99% used [0x00000000c0000000,0x00000000e60d8200,0x00000000e6100000)
 Metaspace       used 74670K, committed 76416K, reserved 1179648K
  class space    used 7416K, committed 8192K, reserved 1048576K
}
Event: 115.547 GC heap after
{Heap after GC invocations=557 (full 3):
 PSYoungGen      total 1536K, used 192K [0x00000000eab00000, 0x00000000eb000000, 0x0000000100000000)
  eden space 1024K, 0% used [0x00000000eab00000,0x00000000eab00000,0x00000000eac00000)
  from space 512K, 37% used [0x00000000eaf80000,0x00000000eafb0000,0x00000000eb000000)
  to   space 512K, 0% used [0x00000000eaf00000,0x00000000eaf00000,0x00000000eaf80000)
 ParOldGen       total 624128K, used 623776K [0x00000000c0000000, 0x00000000e6180000, 0x00000000eab00000)
  object space 624128K, 99% used [0x00000000c0000000,0x00000000e6128200,0x00000000e6180000)
 Metaspace       used 74670K, committed 76416K, reserved 1179648K
  class space    used 7416K, committed 8192K, reserved 1048576K
}
Event: 115.557 GC heap before
{Heap before GC invocations=558 (full 3):
 PSYoungGen      total 1536K, used 1216K [0x00000000eab00000, 0x00000000eb000000, 0x0000000100000000)
  eden space 1024K, 100% used [0x00000000eab00000,0x00000000eac00000,0x00000000eac00000)
  from space 512K, 37% used [0x00000000eaf80000,0x00000000eafb0000,0x00000000eb000000)
  to   space 512K, 0% used [0x00000000eaf00000,0x00000000eaf00000,0x00000000eaf80000)
 ParOldGen       total 624128K, used 623776K [0x00000000c0000000, 0x00000000e6180000, 0x00000000eab00000)
  object space 624128K, 99% used [0x00000000c0000000,0x00000000e6128200,0x00000000e6180000)
 Metaspace       used 74677K, committed 76416K, reserved 1179648K
  class space    used 7416K, committed 8192K, reserved 1048576K
}
Event: 115.558 GC heap after
{Heap after GC invocations=558 (full 3):
 PSYoungGen      total 2048K, used 224K [0x00000000eab00000, 0x00000000eb000000, 0x0000000100000000)
  eden space 1536K, 0% used [0x00000000eab00000,0x00000000eab00000,0x00000000eac80000)
  from space 512K, 43% used [0x00000000eaf00000,0x00000000eaf38000,0x00000000eaf80000)
  to   space 512K, 0% used [0x00000000eaf80000,0x00000000eaf80000,0x00000000eb000000)
 ParOldGen       total 624128K, used 623816K [0x00000000c0000000, 0x00000000e6180000, 0x00000000eab00000)
  object space 624128K, 99% used [0x00000000c0000000,0x00000000e6132200,0x00000000e6180000)
 Metaspace       used 74677K, committed 76416K, reserved 1179648K
  class space    used 7416K, committed 8192K, reserved 1048576K
}
Event: 115.565 GC heap before
{Heap before GC invocations=559 (full 3):
 PSYoungGen      total 2048K, used 1759K [0x00000000eab00000, 0x00000000eb000000, 0x0000000100000000)
  eden space 1536K, 99% used [0x00000000eab00000,0x00000000eac7ffc8,0x00000000eac80000)
  from space 512K, 43% used [0x00000000eaf00000,0x00000000eaf38000,0x00000000eaf80000)
  to   space 512K, 0% used [0x00000000eaf80000,0x00000000eaf80000,0x00000000eb000000)
 ParOldGen       total 624128K, used 623816K [0x00000000c0000000, 0x00000000e6180000, 0x00000000eab00000)
  object space 624128K, 99% used [0x00000000c0000000,0x00000000e6132200,0x00000000e6180000)
 Metaspace       used 74678K, committed 76416K, reserved 1179648K
  class space    used 7416K, committed 8192K, reserved 1048576K
}
Event: 115.566 GC heap after
{Heap after GC invocations=559 (full 3):
 PSYoungGen      total 2048K, used 440K [0x00000000eab00000, 0x00000000eb000000, 0x0000000100000000)
  eden space 1536K, 0% used [0x00000000eab00000,0x00000000eab00000,0x00000000eac80000)
  from space 512K, 85% used [0x00000000eaf80000,0x00000000eafee110,0x00000000eb000000)
  to   space 512K, 0% used [0x00000000eaf00000,0x00000000eaf00000,0x00000000eaf80000)
 ParOldGen       total 624128K, used 623872K [0x00000000c0000000, 0x00000000e6180000, 0x00000000eab00000)
  object space 624128K, 99% used [0x00000000c0000000,0x00000000e6140200,0x00000000e6180000)
 Metaspace       used 74678K, committed 76416K, reserved 1179648K
  class space    used 7416K, committed 8192K, reserved 1048576K
}
Event: 115.568 GC heap before
{Heap before GC invocations=560 (full 3):
 PSYoungGen      total 2048K, used 1976K [0x00000000eab00000, 0x00000000eb000000, 0x0000000100000000)
  eden space 1536K, 99% used [0x00000000eab00000,0x00000000eac7fff8,0x00000000eac80000)
  from space 512K, 85% used [0x00000000eaf80000,0x00000000eafee110,0x00000000eb000000)
  to   space 512K, 0% used [0x00000000eaf00000,0x00000000eaf00000,0x00000000eaf80000)
 ParOldGen       total 624128K, used 623872K [0x00000000c0000000, 0x00000000e6180000, 0x00000000eab00000)
  object space 624128K, 99% used [0x00000000c0000000,0x00000000e6140200,0x00000000e6180000)
 Metaspace       used 74678K, committed 76416K, reserved 1179648K
  class space    used 7416K, committed 8192K, reserved 1048576K
}
Event: 115.569 GC heap after
{Heap after GC invocations=560 (full 3):
 PSYoungGen      total 2560K, used 505K [0x00000000eab00000, 0x00000000eb000000, 0x0000000100000000)
  eden space 2048K, 0% used [0x00000000eab00000,0x00000000eab00000,0x00000000ead00000)
  from space 512K, 98% used [0x00000000eaf00000,0x00000000eaf7e648,0x00000000eaf80000)
  to   space 512K, 0% used [0x00000000eaf80000,0x00000000eaf80000,0x00000000eb000000)
 ParOldGen       total 624640K, used 624231K [0x00000000c0000000, 0x00000000e6200000, 0x00000000eab00000)
  object space 624640K, 99% used [0x00000000c0000000,0x00000000e6199fd0,0x00000000e6200000)
 Metaspace       used 74678K, committed 76416K, reserved 1179648K
  class space    used 7416K, committed 8192K, reserved 1048576K
}
Event: 115.577 GC heap before
{Heap before GC invocations=561 (full 3):
 PSYoungGen      total 2560K, used 2553K [0x00000000eab00000, 0x00000000eb000000, 0x0000000100000000)
  eden space 2048K, 100% used [0x00000000eab00000,0x00000000ead00000,0x00000000ead00000)
  from space 512K, 98% used [0x00000000eaf00000,0x00000000eaf7e648,0x00000000eaf80000)
  to   space 512K, 0% used [0x00000000eaf80000,0x00000000eaf80000,0x00000000eb000000)
 ParOldGen       total 624640K, used 624231K [0x00000000c0000000, 0x00000000e6200000, 0x00000000eab00000)
  object space 624640K, 99% used [0x00000000c0000000,0x00000000e6199fd0,0x00000000e6200000)
 Metaspace       used 74678K, committed 76416K, reserved 1179648K
  class space    used 7416K, committed 8192K, reserved 1048576K
}
Event: 115.578 GC heap after
{Heap after GC invocations=561 (full 3):
 PSYoungGen      total 2560K, used 512K [0x00000000eab00000, 0x00000000eb200000, 0x0000000100000000)
  eden space 2048K, 0% used [0x00000000eab00000,0x00000000eab00000,0x00000000ead00000)
  from space 512K, 100% used [0x00000000eaf80000,0x00000000eb000000,0x00000000eb000000)
  to   space 2560K, 0% used [0x00000000ead00000,0x00000000ead00000,0x00000000eaf80000)
 ParOldGen       total 626176K, used 625713K [0x00000000c0000000, 0x00000000e6380000, 0x00000000eab00000)
  object space 626176K, 99% used [0x00000000c0000000,0x00000000e630c508,0x00000000e6380000)
 Metaspace       used 74678K, committed 76416K, reserved 1179648K
  class space    used 7416K, committed 8192K, reserved 1048576K
}
Event: 115.582 GC heap before
{Heap before GC invocations=562 (full 3):
 PSYoungGen      total 2560K, used 2560K [0x00000000eab00000, 0x00000000eb200000, 0x0000000100000000)
  eden space 2048K, 100% used [0x00000000eab00000,0x00000000ead00000,0x00000000ead00000)
  from space 512K, 100% used [0x00000000eaf80000,0x00000000eb000000,0x00000000eb000000)
  to   space 2560K, 0% used [0x00000000ead00000,0x00000000ead00000,0x00000000eaf80000)
 ParOldGen       total 626176K, used 625713K [0x00000000c0000000, 0x00000000e6380000, 0x00000000eab00000)
  object space 626176K, 99% used [0x00000000c0000000,0x00000000e630c508,0x00000000e6380000)
 Metaspace       used 74678K, committed 76416K, reserved 1179648K
  class space    used 7416K, committed 8192K, reserved 1048576K
}

